/data/data/com.termux/files/home/xmd/src/ast/evaluator/output/ast_evaluator_append_output.c:52:2: warning: no newline at end of file [-Wnewline-eof]
   52 | }
      |  ^
1 warning generated.
/data/data/com.termux/files/home/xmd/src/ast/evaluator/misc/ast_evaluate/ast_evaluate.c:183:2: warning: no newline at end of file [-Wnewline-eof]
  183 | }
      |  ^
1 warning generated.
/data/data/com.termux/files/home/xmd/src/ast/evaluator/misc/ast_evaluate_block/ast_evaluate_block.c:48:2: warning: no newline at end of file [-Wnewline-eof]
   48 | }
      |  ^
1 warning generated.
/data/data/com.termux/files/home/xmd/src/ast/evaluator/program/ast_evaluate_program/ast_evaluate_program.c:36:2: warning: no newline at end of file [-Wnewline-eof]
   36 | }
      |  ^
1 warning generated.
/data/data/com.termux/files/home/xmd/src/ast/parser/class/ast_parse_method/ast_parse_method.c:38:10: warning: variable 'is_constructor' set but not used [-Wunused-but-set-variable]
   38 |     bool is_constructor = false;
      |          ^
1 warning generated.
/data/data/com.termux/files/home/xmd/src/ast/parser/expression/ast_parse_expression/ast_parse_expression.c:221:85: warning: format specifies type 'void *' but the argument has type 'ast_node *' (aka 'struct ast_node *') [-Wformat-pedantic]
  221 |     printf("DEBUG: ast_parse_expression result: %p, advancing position to: '%s'\n", result, start);
      |                                                 ~~                                  ^~~~~~
1 warning generated.
/data/data/com.termux/files/home/xmd/src/ast/parser/statement/ast_parse_statement/ast_parse_statement.c:223:2: warning: no newline at end of file [-Wnewline-eof]
  223 | }
      |  ^
1 warning generated.
/data/data/com.termux/files/home/xmd/src/ast/parser/variable/ast_parse_assignment/ast_parse_assignment.c:110:2: warning: no newline at end of file [-Wnewline-eof]
  110 | }
      |  ^
/data/data/com.termux/files/home/xmd/src/ast/parser/variable/ast_parse_assignment/ast_parse_assignment.c:78:15: warning: unused variable 'identifier' [-Wunused-variable]
   78 |     ast_node* identifier = ast_create_identifier(var_name, loc);
      |               ^~~~~~~~~~
2 warnings generated.
/data/data/com.termux/files/home/xmd/src/ast/substitution/ast_interpolate_string.c:18:30: warning: a function declaration without a prototype is deprecated in all versions of C [-Wstrict-prototypes]
   18 | void debug_interpolate_loaded() {
      |                              ^
      |                               void
/data/data/com.termux/files/home/xmd/src/ast/substitution/ast_interpolate_string.c:157:2: warning: no newline at end of file [-Wnewline-eof]
  157 | }
      |  ^
2 warnings generated.
/data/data/com.termux/files/home/xmd/src/bindings/c_api/processing/xmd_process_string/xmd_process_string.c:53:2: warning: no newline at end of file [-Wnewline-eof]
   53 | }
      |  ^
/data/data/com.termux/files/home/xmd/src/bindings/c_api/processing/xmd_process_string/xmd_process_string.c:27:39: warning: unused parameter 'input_length' [-Wunused-parameter]
   27 |                                size_t input_length) {
      |                                       ^
2 warnings generated.
/data/data/com.termux/files/home/xmd/src/bindings/c_api/processing/xmd_process_string_api/xmd_process_string_api.c:26:76: warning: unused parameter 'input_length' [-Wunused-parameter]
   26 | xmd_result* xmd_process_string_api(void* handle, const char* input, size_t input_length) {
      |                                                                            ^
1 warning generated.
/data/data/com.termux/files/home/xmd/src/security/audit/security_audit_log/security_audit_log.c:26:41: warning: unused parameter 'type' [-Wunused-parameter]
   26 | int security_audit_log(audit_event_type type, const char* message,
      |                                         ^
/data/data/com.termux/files/home/xmd/src/security/audit/security_audit_log/security_audit_log.c:28:56: warning: unused parameter 'result' [-Wunused-parameter]
   28 |                       int source_line, security_result result) {
      |                                                        ^
2 warnings generated.
/data/data/com.termux/files/home/xmd/src/security/audit/security_audit_get_entries/security_audit_get_entries.c:23:41: warning: unused parameter 'start_time' [-Wunused-parameter]
   23 | int security_audit_get_entries(uint64_t start_time, uint64_t end_time,
      |                                         ^
/data/data/com.termux/files/home/xmd/src/security/audit/security_audit_get_entries/security_audit_get_entries.c:23:62: warning: unused parameter 'end_time' [-Wunused-parameter]
   23 | int security_audit_get_entries(uint64_t start_time, uint64_t end_time,
      |                                                              ^
2 warnings generated.
/data/data/com.termux/files/home/xmd/src/security/sanitization/security_sanitize_html/security_sanitize_html.c:18:15: warning: function 'process_html_tag' has internal linkage but is not defined [-Wundefined-internal]
   18 | static size_t process_html_tag(const char* tag_content, char* output, 
      |               ^
/data/data/com.termux/files/home/xmd/src/security/sanitization/security_sanitize_html/security_sanitize_html.c:51:34: note: used here
   51 |                     output_pos = process_html_tag(tag_buffer, result, output_pos, input_len * 2);
      |                                  ^
/data/data/com.termux/files/home/xmd/src/security/sanitization/security_sanitize_html/security_sanitize_html.c:16:13: warning: unused function 'is_safe_html_tag' [-Wunused-function]
   16 | static bool is_safe_html_tag(const char* tag);
      |             ^~~~~~~~~~~~~~~~
/data/data/com.termux/files/home/xmd/src/security/sanitization/security_sanitize_html/security_sanitize_html.c:17:15: warning: unused function 'extract_tag_name' [-Wunused-function]
   17 | static size_t extract_tag_name(const char* tag_start, char* tag_name, size_t max_len);
      |               ^~~~~~~~~~~~~~~~
3 warnings generated.
/data/data/com.termux/files/home/xmd/src/token/type/token_type_is_valid/token_type_is_valid.c:19:30: warning: overlapping comparisons always evaluate to false [-Wtautological-overlap-compare]
   19 |     return type >= TOKEN_EOF && type <= TOKEN_COMMENT;
      |            ~~~~~~~~~~~~~~~~~~^~~~~~~~~~~~~~~~~~~~~~~~
1 warning generated.
/data/data/com.termux/files/home/xmd/src/variable/object/variable_object_get/variable_object_get.c:32:1: warning: non-void function does not return a value in all control paths [-Wreturn-type]
   32 | }
      | ^
1 warning generated.
/data/data/com.termux/files/home/xmd/src/variable/object/variable_object_keys/variable_object_keys.c:48:1: warning: non-void function does not return a value in all control paths [-Wreturn-type]
   48 | }
      | ^
1 warning generated.
/data/data/com.termux/files/home/xmd/src/variable/object/variable_object_remove/variable_object_remove.c:41:1: warning: non-void function does not return a value in all control paths [-Wreturn-type]
   41 | }
      | ^
1 warning generated.
/data/data/com.termux/files/home/xmd/src/variable/object/variable_object_set/variable_object_set.c:58:1: warning: non-void function does not return a value in all control paths [-Wreturn-type]
   58 | }
      | ^
1 warning generated.
/data/data/com.termux/files/home/xmd/src/variable/operations/variable_copy/variable_copy.c:66:1: warning: non-void function does not return a value in all control paths [-Wreturn-type]
   66 | }
      | ^
1 warning generated.
/data/data/com.termux/files/home/xmd/src/variable/operations/variable_equals/variable_equals.c:77:1: warning: non-void function does not return a value in all control paths [-Wreturn-type]
   77 | }
      | ^
1 warning generated.
/data/data/com.termux/files/home/xmd/src/variable/operations/variable_to_string/variable_to_string.c:62:20: warning: variable 'total_size' set but not used [-Wunused-but-set-variable]
   62 |             size_t total_size = 64;
      |                    ^
/data/data/com.termux/files/home/xmd/src/variable/operations/variable_to_string/variable_to_string.c:85:1: warning: non-void function does not return a value in all control paths [-Wreturn-type]
   85 | }
      | ^
/data/data/com.termux/files/home/xmd/src/variable/operations/variable_to_string/variable_to_string.c:59:17: warning: variable 'i' is used uninitialized whenever 'if' condition is false [-Wsometimes-uninitialized]
   59 |             if (!var->value.object_value || var->value.object_value->count == 0) {
      |                 ^~~~~~~~~~~~~~~~~~~~~~~~~~~~~~~~~~~~~~~~~~~~~~~~~~~~~~~~~~~~~~~
/data/data/com.termux/files/home/xmd/src/variable/operations/variable_to_string/variable_to_string.c:43:32: note: uninitialized use occurs here
   43 |             for (size_t i = 0; i < arr->count; i++) {
      |                                ^
/data/data/com.termux/files/home/xmd/src/variable/operations/variable_to_string/variable_to_string.c:59:13: note: remove the 'if' if its condition is always true
   59 |             if (!var->value.object_value || var->value.object_value->count == 0) {
      |             ^~~~~~~~~~~~~~~~~~~~~~~~~~~~~~~~~~~~~~~~~~~~~~~~~~~~~~~~~~~~~~~~~~~~
/data/data/com.termux/files/home/xmd/src/variable/operations/variable_to_string/variable_to_string.c:43:18: note: variable 'i' is declared here
   43 |             for (size_t i = 0; i < arr->count; i++) {
      |                  ^
/data/data/com.termux/files/home/xmd/src/variable/operations/variable_to_string/variable_to_string.c:59:17: warning: variable 'arr' is used uninitialized whenever 'if' condition is false [-Wsometimes-uninitialized]
   59 |             if (!var->value.object_value || var->value.object_value->count == 0) {
      |                 ^~~~~~~~~~~~~~~~~~~~~~~~~~~~~~~~~~~~~~~~~~~~~~~~~~~~~~~~~~~~~~~
/data/data/com.termux/files/home/xmd/src/variable/operations/variable_to_string/variable_to_string.c:43:36: note: uninitialized use occurs here
   43 |             for (size_t i = 0; i < arr->count; i++) {
      |                                    ^~~
/data/data/com.termux/files/home/xmd/src/variable/operations/variable_to_string/variable_to_string.c:59:13: note: remove the 'if' if its condition is always true
   59 |             if (!var->value.object_value || var->value.object_value->count == 0) {
      |             ^~~~~~~~~~~~~~~~~~~~~~~~~~~~~~~~~~~~~~~~~~~~~~~~~~~~~~~~~~~~~~~~~~~~
/data/data/com.termux/files/home/xmd/src/variable/operations/variable_to_string/variable_to_string.c:40:13: note: variable 'arr' is declared here
   40 |             variable_array* arr = var->value.array_value;
      |             ^
4 warnings generated.
In file included from /data/data/com.termux/files/home/xmd/src/core/runtime/xmd_runtime_init/xmd_runtime_init.c:1:
/data/data/com.termux/files/home/xmd/src/core/runtime/xmd_runtime_init/xmd_runtime_init.h:17:7: warning: no newline at end of file [-Wnewline-eof]
   17 | #endif
      |       ^
/data/data/com.termux/files/home/xmd/src/core/runtime/xmd_runtime_init/xmd_runtime_init.c:54:2: warning: no newline at end of file [-Wnewline-eof]
   54 | }
      |  ^
2 warnings generated.
In file included from /data/data/com.termux/files/home/xmd/src/core/runtime/xmd_runtime_cleanup/xmd_runtime_cleanup.c:1:
/data/data/com.termux/files/home/xmd/src/core/runtime/xmd_runtime_cleanup/xmd_runtime_cleanup.h:8:7: warning: no newline at end of file [-Wnewline-eof]
    8 | #endif
      |       ^
/data/data/com.termux/files/home/xmd/src/core/runtime/xmd_runtime_cleanup/xmd_runtime_cleanup.c:15:2: warning: no newline at end of file [-Wnewline-eof]
   15 | }
      |  ^
2 warnings generated.
In file included from /data/data/com.termux/files/home/xmd/src/core/runtime/xmd_runtime_status/xmd_runtime_status.c:1:
/data/data/com.termux/files/home/xmd/src/core/runtime/xmd_runtime_status/xmd_runtime_status.h:17:7: warning: no newline at end of file [-Wnewline-eof]
   17 | #endif
      |       ^
/data/data/com.termux/files/home/xmd/src/core/runtime/xmd_runtime_status/xmd_runtime_status.c:24:2: warning: no newline at end of file [-Wnewline-eof]
   24 | }
      |  ^
2 warnings generated.
/data/data/com.termux/files/home/xmd/src/misc/xmd_is_native_syntax/xmd_is_native_syntax.c:57:2: warning: no newline at end of file [-Wnewline-eof]
   57 | }
      |  ^
1 warning generated.
/data/data/com.termux/files/home/xmd/src/misc/xmd_get_syntax_name/xmd_get_syntax_name.c:39:2: warning: no newline at end of file [-Wnewline-eof]
   39 | }
      |  ^
1 warning generated.
/data/data/com.termux/files/home/xmd/src/misc/xmd_dispatch_content/xmd_dispatch_content.c:48:2: warning: no newline at end of file [-Wnewline-eof]
   48 | }
      |  ^
1 warning generated.
/data/data/com.termux/files/home/xmd/src/misc/native_evaluate_program/native_evaluate_program.c:31:2: warning: no newline at end of file [-Wnewline-eof]
   31 | }
      |  ^
1 warning generated.
/data/data/com.termux/files/home/xmd/src/main.c:96:2: warning: no newline at end of file [-Wnewline-eof]
   96 | }
      |  ^
1 warning generated.
ld.lld: error: undefined symbol: ast_create_array_access
>>> referenced by ast_parse_identifier_or_array.c:97 (src/ast/parser/expression/ast_parse_identifier_or_array/ast_parse_identifier_or_array.c:97)
>>>               ast_parse_identifier_or_array.c.o:(ast_parse_identifier_or_array) in archive libxmd_lib.a
cc: error: linker command failed with exit code 1 (use -v to see invocation)
make[2]: *** [CMakeFiles/xmd.dir/build.make:102: xmd] Error 1
make[1]: *** [CMakeFiles/Makefile2:122: CMakeFiles/xmd.dir/all] Error 2
make: *** [Makefile:156: all] Error 2
