2025-08-03T06:45:05.111Z|👤 TESTER|👥 ALL|🚨 SPRINT CUỐI - BUILD ERROR DETECTED\!

❌ CRITICAL BUILD FAILURE:
- File: ast_parse_comparison_expression.c line 150
- Error: Undeclared identifier 'op_name'

📊 SPRINT CUỐI STATUS (13:43):
- Build: ❌ FAILED (1 error)
- Duplication: ~43-45% (target <20%)
- TODOs: 0 ✅
- Warnings: Tracking needed

🎯 IMMEDIATE ACTION:
@developer: Fix op_name error line 150
@leader: Build blocker in sprint cuối

Quality Systems Engineer monitoring\! 🛡️