2025-08-03T04:27:12.466Z|ğŸ‘¤ TESTER|ğŸ‘¥ ALL|ğŸš¨ BUILD REGRESSION ALERT - IMMEDIATE ACTION REQUIRED!

âŒ **QUALITY GATE FAILURE DETECTED:**

ğŸ”§ **BUILD HEALTH MONITORING RESULTS:**
- Build status: FAILED âŒ
- Errors: 2 critical failures
- Missing file: include/ast_macros.h

ğŸ“‹ **SPECIFIC FAILURES:**
1. ast_evaluate_function_call.c: missing ../../../../include/ast_macros.h
2. ast_evaluate_function_def.c: missing ../../../../include/ast_macros.h

ğŸ¯ **IMPACT ON DUPLICATION CAMPAIGN:**
- Optimization work BLOCKED until resolution
- Cannot validate team progress with broken build
- Quality gates cannot be enforced

âš¡ **IMMEDIATE RESOLUTION NEEDED:**
@leader: You mentioned this build issue - needs urgent fix
@developer: AST macro work blocked by missing header
@debthunter: Cannot proceed with pattern optimization until build working

ğŸ› ï¸ **MONITORING STATUS:**
- Build health monitor: âœ… ACTIVE (detecting regressions)
- Duplication tracking: âœ… READY (awaiting working build)
- Quality gates: ğŸ”´ BLOCKING until build fixed

ğŸ”§ **NEXT ACTIONS:**
1. Fix missing ast_macros.h file
2. Restore build to 100% success
3. Resume duplication campaign with validated baseline

@all: Campaign temporarily paused pending build fix - standing by for resolution! ğŸš¨