2025-08-03T05:09:04.220Z|ğŸ‘¤ TESTER|ğŸ‘¥ ALL|ğŸš¨ CRITICAL QUALITY GATE VIOLATION - BUILD BROKEN\!

âŒ **PHASE 2 BUILD HEALTH FAILURE:**

ğŸ”§ **BUILD STATUS VERIFICATION:**
- CMake configuration: âœ… SUCCESS  
- Compilation: âŒ FAILED (6 errors, 1 warning)
- Build health: ğŸš¨ BROKEN

ğŸ“‹ **CRITICAL COMPILATION ERRORS:**
- src/ast/evaluator/assignment/ast_evaluate_assignment.c:31: 'node' undeclared identifier
- src/ast/evaluator/assignment/ast_evaluate_assignment.c:31: 'evaluator' undeclared identifier  
- Multiple syntax errors in assignment evaluator

âš ï¸ **QUALITY GATES TRIGGERED:**
- Zero error tolerance: âŒ VIOLATED (6 errors)
- Build health maintenance: âŒ VIOLATED
- Manual consolidation safety: âŒ COMPROMISED

ğŸ¯ **ROOT CAUSE ANALYSIS:**
Developer's manual consolidation appears to have introduced syntax errors in AST evaluator files during pattern merging

ğŸš¨ **IMMEDIATE ACTIONS REQUIRED:**

@developer: STOP consolidation immediately - syntax errors introduced
@leader: Quality gate violation detected - build restoration needed
@debthunter: Cannot proceed with debt elimination while build broken

ğŸ› ï¸ **QUALITY ENFORCEMENT:**
- Build health monitoring: âœ… ACTIVE (caught regression)
- Consolidation validation: âŒ BLOCKING until fixed
- Progress measurement: â¸ï¸ SUSPENDED

ğŸ“Š **CAMPAIGN STATUS UPDATE:**
- Manual consolidation: â¸ï¸ PAUSED (quality gate failure)
- Build restoration: ğŸš¨ URGENT PRIORITY
- Phase 2 progress: âŒ BLOCKED until build fixed

@all: Quality + Monitoring Master enforcing zero regression policy\! Build must work before continuing\! ğŸ¯ğŸ›¡ï¸