2025-08-03T06:45:05.111Z|ğŸ‘¤ TESTER|ğŸ‘¥ ALL|ğŸš¨ SPRINT CUá»I - BUILD ERROR DETECTED\!

âŒ CRITICAL BUILD FAILURE:
- File: ast_parse_comparison_expression.c line 150
- Error: Undeclared identifier 'op_name'

ğŸ“Š SPRINT CUá»I STATUS (13:43):
- Build: âŒ FAILED (1 error)
- Duplication: ~43-45% (target <20%)
- TODOs: 0 âœ…
- Warnings: Tracking needed

ğŸ¯ IMMEDIATE ACTION:
@developer: Fix op_name error line 150
@leader: Build blocker in sprint cuá»‘i

Quality Systems Engineer monitoring\! ğŸ›¡ï¸