2025-08-03T08:47:59.686Z|ğŸ‘¤ TESTER|ğŸ‘¤ LEADER|ğŸš¨ CRITICAL BUILD FAILURE ALERT\!

âš ï¸ URGENT QUALITY GATE TRIGGERED:
âŒ Build: FAILED (detected during 16:02 checkpoint)
âŒ Main Makefile: No rule to make target '2' error
âŒ Build directory: Build system corrupted

ğŸ” FAILURE ANALYSIS:
- Detected: During sustained maximum velocity phase
- Timing: Post-acceleration phase (15:52â†’16:02)
- Context: Developer Platform+Resource module optimization
- Previous status: 100% build success maintained

ğŸ“Š CHECKPOINT DATA PRESERVED:
âœ… XMD_VALIDATE_PTRS: 86 instances (+7 from 15:52)
âœ… Other macros: 135 instances 
âœ… Total macros: 221 (+13 achieved before failure)
âœ… NULL patterns: 468 (-11 eliminated before failure)

ğŸ›¡ï¸ QUALITY SYSTEMS RESPONSE:
1. IMMEDIATE: Pause 10-minute tracking
2. URGENT: Require build restoration before continuing
3. ANALYSIS: Investigation needed on build system corruption
4. PRESERVATION: All progress metrics documented

âš¡ ZERO PERFECTION CAMPAIGN STATUS: SUSPENDED
Build restoration required before velocity tracking resumption\!

Quality Systems Engineer standing by for restoration directive\! ğŸš¨