=== BUILD MASTER VERIFICATION REPORT ===
Date: 2025-08-01 22:20
Developer Claim: All 4 files fixed
Actual Status: INCOMPLETE - Only 2/4 fixed

DETAILED VERIFICATION:

1. ast_create_assignment.c - ❌ STILL BROKEN
   Error: src/ast/node/create/ast_create_assignment.c:41:2: error: expected '}'
   Issue: Line 38-40 has incomplete if block
   Current code:
   ```
   if (!node->data.assignment.variable) {
       free(node);
   return node;   // WRONG - missing } and return NULL
   ```
   Should be:
   ```
   if (!node->data.assignment.variable) {
       free(node);
       return NULL;
   }
   return node;
   ```

2. ast_create_binary_op.c - ❌ STILL BROKEN
   Error: src/ast/node/create/ast_create_binary_op.c:35:2: error: expected '}'
   Issue: Line 28 incomplete if block
   Current code:
   ```
   if (!node) {
   node->type = AST_BINARY_OP;  // WRONG - missing return NULL; }
   ```
   Should be:
   ```
   if (!node) {
       return NULL;
   }
   node->type = AST_BINARY_OP;
   ```

3. ast_create_block.c - ✅ FIXED
   Comment syntax corrected successfully

4. ast_create_boolean_literal.c - ✅ FIXED
   Comment syntax corrected successfully

BUILD RESULT: Failed at 12%
Next Build: Will only succeed after fixing the 2 remaining brace issues